Running: C:\Xilinx\14.7\ISE_DS\ISE\bin\nt64\unwrapped\fuse.exe -intstyle ise -incremental -lib uni9000_ver -lib aim_ver -lib cpld_ver -lib xilinxcorelib_ver -o C:/Users/ilya/Desktop/lab6_test/Lab5/shema_shema_sch_tb_isim_beh.exe -prj C:/Users/ilya/Desktop/lab6_test/Lab5/shema_shema_sch_tb_beh.prj work.shema_shema_sch_tb work.glbl 
ISim P.20131013 (signature 0x7708f090)
Number of CPUs detected in this system: 1
Turning on mult-threading, number of parallel sub-compilation jobs: 0 
Determining compilation order of HDL files
Analyzing Verilog file "C:/Users/ilya/Desktop/lab6_test/Lab5/shema.vf" into library work
Analyzing Verilog file "C:/Users/ilya/Desktop/lab6_test/Lab5/vdsv.v" into library work
Analyzing Verilog file "C:/Xilinx/14.7/ISE_DS/ISE//verilog/src/glbl.v" into library work
Starting static elaboration
Completed static elaboration
Compiling module GND
Compiling module FDCP
Compiling module FDC_MXILINX_shema
Compiling module AND3B2
Compiling module AND3B1
Compiling module OR3
Compiling module AND2B1
Compiling module FJKC_MXILINX_shema
Compiling module OR2
Compiling module AND4
Compiling module INV
Compiling module AND3
Compiling module OR4
Compiling module OR6_MXILINX_shema
Compiling module OR5
Compiling module shema
Compiling module shema_shema_sch_tb
Compiling module glbl
Time Resolution for simulation is 1ps.
Compiled 18 Verilog Units
Built simulation executable C:/Users/ilya/Desktop/lab6_test/Lab5/shema_shema_sch_tb_isim_beh.exe
Fuse Memory Usage: 26920 KB
Fuse CPU Usage: 373 ms
